[04:24:03] [ServerMain/INFO]: Environment: authHost='https://authserver.mojang.com', accountsHost='https://api.mojang.com', sessionHost='https://sessionserver.mojang.com', servicesHost='https://api.minecraftservices.com', name='PROD'
[04:24:05] [ServerMain/INFO]: Loaded 7 recipes
[04:24:06] [Server thread/INFO]: Starting minecraft server version 1.19.4
[04:24:06] [Server thread/INFO]: Loading properties
[04:24:06] [Server thread/INFO]: This server is running Paper version git-Paper-550 (MC: 1.19.4) (Implementing API version 1.19.4-R0.1-SNAPSHOT) (Git: 483368e on ver/1.19.4)
[04:24:06] [Server thread/INFO]: Server Ping Player Sample Count: 12
[04:24:06] [Server thread/INFO]: Using 4 threads for Netty based IO
[04:24:07] [Server thread/WARN]: [!] The timings profiler has been enabled but has been scheduled for removal from Paper in the future.
    We recommend installing the spark profiler as a replacement: https://spark.lucko.me/
    For more information please visit: https://github.com/PaperMC/Paper/issues/8948
[04:24:07] [Server thread/INFO]: [ChunkTaskScheduler] Chunk system is using 1 I/O threads, 1 worker threads, and gen parallelism of 1 threads
[04:24:07] [Server thread/INFO]: Default game type: SURVIVAL
[04:24:07] [Server thread/INFO]: Generating keypair
[04:24:07] [Server thread/INFO]: Starting Minecraft server on *:25565
[04:24:07] [Server thread/INFO]: Using epoll channel type
[04:24:07] [Server thread/INFO]: Paper: Using libdeflate (Linux x86_64) compression from Velocity.
[04:24:07] [Server thread/INFO]: Paper: Using OpenSSL 1.1.x (Linux x86_64) cipher from Velocity.
[04:24:08] [Server thread/INFO]: Server permissions file permissions.yml is empty, ignoring it
[04:24:08] [Server thread/WARN]: **** SERVER IS RUNNING IN OFFLINE/INSECURE MODE!
[04:24:08] [Server thread/WARN]: The server will make no attempt to authenticate usernames. Beware.
[04:24:08] [Server thread/WARN]: While this makes the game possible to play without internet access, it also opens up the ability for hackers to connect with any username they choose.
[04:24:08] [Server thread/WARN]: To change this, set "online-mode" to "true" in the server.properties file.
[04:24:08] [Server thread/INFO]: Preparing level "world"
[04:24:08] [Server thread/INFO]: Preparing start region for dimension minecraft:overworld
[04:24:09] [Server thread/INFO]: Time elapsed: 304 ms
[04:24:09] [Server thread/INFO]: Preparing start region for dimension minecraft:the_nether
[04:24:09] [Server thread/INFO]: Time elapsed: 173 ms
[04:24:09] [Server thread/INFO]: Preparing start region for dimension minecraft:the_end
[04:24:09] [Server thread/INFO]: Time elapsed: 83 ms
[04:24:09] [Server thread/INFO]: Running delayed init tasks
[04:24:09] [Server thread/INFO]: Done (2.835s)! For help, type "help"
[04:24:09] [Server thread/INFO]: Timings Reset
[04:25:56] [User Authenticator #0/INFO]: UUID of player Fernando1929153 is 6fc63ef5-0087-300a-91a1-78b1fc1693d5
[04:25:56] [Server thread/INFO]: Fernando1929153 joined the game
[04:25:56] [Server thread/INFO]: Fernando1929153[/127.165.88.63:46611] logged in with entity id 178 at ([world]20.5, 70.0, -98.5)
[04:26:25] [Server thread/INFO]: Fernando1929153 lost connection: Disconnected
[04:26:25] [Server thread/INFO]: Fernando1929153 left the game
[04:26:30] [User Authenticator #0/INFO]: UUID of player Fernando1929153 is 6fc63ef5-0087-300a-91a1-78b1fc1693d5
[04:26:30] [Server thread/INFO]: Fernando1929153 joined the game
[04:26:30] [Server thread/INFO]: Fernando1929153[/127.165.88.63:60835] logged in with entity id 363 at ([world]20.5, 70.0, -98.5)
[04:27:15] [Server thread/INFO]: Made Fernando1929153 a server operator
[04:27:53] [Server thread/INFO]: Fernando1929153 issued server command: /gamemode creative
[04:27:53] [Server thread/INFO]: [Fernando1929153: Set own game mode to Creative Mode]
[04:45:54] [Server thread/INFO]: Fernando1929153 lost connection: Disconnected
[04:45:54] [Server thread/INFO]: Fernando1929153 left the game
